[2021-05-25 19:36:24] local.ERROR: syntax error, unexpected token "return", expecting ";" {"exception":"[object] (ParseError(code: 0): syntax error, unexpected token \"return\", expecting \";\" at /var/www/app/app/Services/TransactionService.php:20)
[stacktrace]
#0 /var/www/app/vendor/composer/ClassLoader.php(346): Composer\\Autoload\\includeFile('/var/www/app/ve...')
#1 [internal function]: Composer\\Autoload\\ClassLoader->loadClass('App\\\\Services\\\\Tr...')
#2 /var/www/app/vendor/laravel/framework/src/Illuminate/Container/Container.php(836): ReflectionClass->__construct('App\\\\Services\\\\Tr...')
#3 /var/www/app/vendor/laravel/framework/src/Illuminate/Container/Container.php(717): Illuminate\\Container\\Container->build('App\\\\Services\\\\Tr...')
#4 /var/www/app/vendor/laravel/framework/src/Illuminate/Foundation/Application.php(841): Illuminate\\Container\\Container->resolve('App\\\\Services\\\\Tr...', Array, true)
#5 /var/www/app/vendor/laravel/framework/src/Illuminate/Container/Container.php(655): Illuminate\\Foundation\\Application->resolve('App\\\\Services\\\\Tr...', Array)
#6 /var/www/app/vendor/laravel/framework/src/Illuminate/Foundation/Application.php(826): Illuminate\\Container\\Container->make('App\\\\Services\\\\Tr...', Array)
#7 /var/www/app/vendor/laravel/framework/src/Illuminate/Container/Container.php(990): Illuminate\\Foundation\\Application->make('App\\\\Services\\\\Tr...')
#8 /var/www/app/vendor/laravel/framework/src/Illuminate/Container/Container.php(910): Illuminate\\Container\\Container->resolveClass(Object(ReflectionParameter))
#9 /var/www/app/vendor/laravel/framework/src/Illuminate/Container/Container.php(871): Illuminate\\Container\\Container->resolveDependencies(Array)
#10 /var/www/app/vendor/laravel/framework/src/Illuminate/Container/Container.php(717): Illuminate\\Container\\Container->build('App\\\\Http\\\\Contro...')
#11 /var/www/app/vendor/laravel/framework/src/Illuminate/Foundation/Application.php(841): Illuminate\\Container\\Container->resolve('App\\\\Http\\\\Contro...', Array, true)
#12 /var/www/app/vendor/laravel/framework/src/Illuminate/Container/Container.php(655): Illuminate\\Foundation\\Application->resolve('App\\\\Http\\\\Contro...', Array)
#13 /var/www/app/vendor/laravel/framework/src/Illuminate/Foundation/Application.php(826): Illuminate\\Container\\Container->make('App\\\\Http\\\\Contro...', Array)
#14 /var/www/app/vendor/laravel/framework/src/Illuminate/Routing/Route.php(268): Illuminate\\Foundation\\Application->make('App\\\\Http\\\\Contro...')
#15 /var/www/app/vendor/laravel/framework/src/Illuminate/Routing/Route.php(1019): Illuminate\\Routing\\Route->getController()
#16 /var/www/app/vendor/laravel/framework/src/Illuminate/Routing/Route.php(980): Illuminate\\Routing\\Route->controllerMiddleware()
#17 /var/www/app/vendor/laravel/framework/src/Illuminate/Routing/Router.php(708): Illuminate\\Routing\\Route->gatherMiddleware()
#18 /var/www/app/vendor/laravel/framework/src/Illuminate/Routing/Router.php(688): Illuminate\\Routing\\Router->gatherRouteMiddleware(Object(Illuminate\\Routing\\Route))
#19 /var/www/app/vendor/laravel/framework/src/Illuminate/Routing/Router.php(672): Illuminate\\Routing\\Router->runRouteWithinStack(Object(Illuminate\\Routing\\Route), Object(Illuminate\\Http\\Request))
#20 /var/www/app/vendor/laravel/framework/src/Illuminate/Routing/Router.php(636): Illuminate\\Routing\\Router->runRoute(Object(Illuminate\\Http\\Request), Object(Illuminate\\Routing\\Route))
#21 /var/www/app/vendor/laravel/framework/src/Illuminate/Routing/Router.php(625): Illuminate\\Routing\\Router->dispatchToRoute(Object(Illuminate\\Http\\Request))
#22 /var/www/app/vendor/laravel/framework/src/Illuminate/Foundation/Http/Kernel.php(166): Illuminate\\Routing\\Router->dispatch(Object(Illuminate\\Http\\Request))
#23 /var/www/app/vendor/laravel/framework/src/Illuminate/Pipeline/Pipeline.php(128): Illuminate\\Foundation\\Http\\Kernel->Illuminate\\Foundation\\Http\\{closure}(Object(Illuminate\\Http\\Request))
#24 /var/www/app/vendor/laravel/framework/src/Illuminate/Foundation/Http/Middleware/TransformsRequest.php(21): Illuminate\\Pipeline\\Pipeline->Illuminate\\Pipeline\\{closure}(Object(Illuminate\\Http\\Request))
#25 /var/www/app/vendor/laravel/framework/src/Illuminate/Foundation/Http/Middleware/ConvertEmptyStringsToNull.php(31): Illuminate\\Foundation\\Http\\Middleware\\TransformsRequest->handle(Object(Illuminate\\Http\\Request), Object(Closure))
#26 /var/www/app/vendor/laravel/framework/src/Illuminate/Pipeline/Pipeline.php(167): Illuminate\\Foundation\\Http\\Middleware\\ConvertEmptyStringsToNull->handle(Object(Illuminate\\Http\\Request), Object(Closure))
#27 /var/www/app/vendor/laravel/framework/src/Illuminate/Foundation/Http/Middleware/TransformsRequest.php(21): Illuminate\\Pipeline\\Pipeline->Illuminate\\Pipeline\\{closure}(Object(Illuminate\\Http\\Request))
#28 /var/www/app/vendor/laravel/framework/src/Illuminate/Foundation/Http/Middleware/TrimStrings.php(40): Illuminate\\Foundation\\Http\\Middleware\\TransformsRequest->handle(Object(Illuminate\\Http\\Request), Object(Closure))
#29 /var/www/app/vendor/laravel/framework/src/Illuminate/Pipeline/Pipeline.php(167): Illuminate\\Foundation\\Http\\Middleware\\TrimStrings->handle(Object(Illuminate\\Http\\Request), Object(Closure))
#30 /var/www/app/vendor/laravel/framework/src/Illuminate/Foundation/Http/Middleware/ValidatePostSize.php(27): Illuminate\\Pipeline\\Pipeline->Illuminate\\Pipeline\\{closure}(Object(Illuminate\\Http\\Request))
#31 /var/www/app/vendor/laravel/framework/src/Illuminate/Pipeline/Pipeline.php(167): Illuminate\\Foundation\\Http\\Middleware\\ValidatePostSize->handle(Object(Illuminate\\Http\\Request), Object(Closure))
#32 /var/www/app/vendor/laravel/framework/src/Illuminate/Foundation/Http/Middleware/PreventRequestsDuringMaintenance.php(86): Illuminate\\Pipeline\\Pipeline->Illuminate\\Pipeline\\{closure}(Object(Illuminate\\Http\\Request))
#33 /var/www/app/vendor/laravel/framework/src/Illuminate/Pipeline/Pipeline.php(167): Illuminate\\Foundation\\Http\\Middleware\\PreventRequestsDuringMaintenance->handle(Object(Illuminate\\Http\\Request), Object(Closure))
#34 /var/www/app/vendor/fruitcake/laravel-cors/src/HandleCors.php(52): Illuminate\\Pipeline\\Pipeline->Illuminate\\Pipeline\\{closure}(Object(Illuminate\\Http\\Request))
#35 /var/www/app/vendor/laravel/framework/src/Illuminate/Pipeline/Pipeline.php(167): Fruitcake\\Cors\\HandleCors->handle(Object(Illuminate\\Http\\Request), Object(Closure))
#36 /var/www/app/vendor/fideloper/proxy/src/TrustProxies.php(57): Illuminate\\Pipeline\\Pipeline->Illuminate\\Pipeline\\{closure}(Object(Illuminate\\Http\\Request))
#37 /var/www/app/vendor/laravel/framework/src/Illuminate/Pipeline/Pipeline.php(167): Fideloper\\Proxy\\TrustProxies->handle(Object(Illuminate\\Http\\Request), Object(Closure))
#38 /var/www/app/vendor/laravel/framework/src/Illuminate/Pipeline/Pipeline.php(103): Illuminate\\Pipeline\\Pipeline->Illuminate\\Pipeline\\{closure}(Object(Illuminate\\Http\\Request))
#39 /var/www/app/vendor/laravel/framework/src/Illuminate/Foundation/Http/Kernel.php(141): Illuminate\\Pipeline\\Pipeline->then(Object(Closure))
#40 /var/www/app/vendor/laravel/framework/src/Illuminate/Foundation/Http/Kernel.php(110): Illuminate\\Foundation\\Http\\Kernel->sendRequestThroughRouter(Object(Illuminate\\Http\\Request))
#41 /var/www/app/public/index.php(52): Illuminate\\Foundation\\Http\\Kernel->handle(Object(Illuminate\\Http\\Request))
#42 {main}
"} 
[2021-05-25 19:48:31] local.ERROR: array_merge(): Argument #2 must be of type array, null given {"exception":"[object] (TypeError(code: 0): array_merge(): Argument #2 must be of type array, null given at /var/www/app/vendor/barryvdh/laravel-ide-helper/src/Generator.php:57)
[stacktrace]
#0 /var/www/app/vendor/barryvdh/laravel-ide-helper/src/Generator.php(57): array_merge(Array, NULL, Array)
#1 /var/www/app/vendor/barryvdh/laravel-ide-helper/src/Console/GeneratorCommand.php(115): Barryvdh\\LaravelIdeHelper\\Generator->__construct(Object(Illuminate\\Config\\Repository), Object(Illuminate\\View\\Factory), Object(Illuminate\\Console\\OutputStyle), '')
#2 /var/www/app/vendor/laravel/framework/src/Illuminate/Container/BoundMethod.php(36): Barryvdh\\LaravelIdeHelper\\Console\\GeneratorCommand->handle()
#3 /var/www/app/vendor/laravel/framework/src/Illuminate/Container/Util.php(40): Illuminate\\Container\\BoundMethod::Illuminate\\Container\\{closure}()
#4 /var/www/app/vendor/laravel/framework/src/Illuminate/Container/BoundMethod.php(93): Illuminate\\Container\\Util::unwrapIfClosure(Object(Closure))
#5 /var/www/app/vendor/laravel/framework/src/Illuminate/Container/BoundMethod.php(37): Illuminate\\Container\\BoundMethod::callBoundMethod(Object(Illuminate\\Foundation\\Application), Array, Object(Closure))
#6 /var/www/app/vendor/laravel/framework/src/Illuminate/Container/Container.php(614): Illuminate\\Container\\BoundMethod::call(Object(Illuminate\\Foundation\\Application), Array, Array, NULL)
#7 /var/www/app/vendor/laravel/framework/src/Illuminate/Console/Command.php(136): Illuminate\\Container\\Container->call(Array)
#8 /var/www/app/vendor/symfony/console/Command/Command.php(256): Illuminate\\Console\\Command->execute(Object(Symfony\\Component\\Console\\Input\\ArgvInput), Object(Illuminate\\Console\\OutputStyle))
#9 /var/www/app/vendor/laravel/framework/src/Illuminate/Console/Command.php(121): Symfony\\Component\\Console\\Command\\Command->run(Object(Symfony\\Component\\Console\\Input\\ArgvInput), Object(Illuminate\\Console\\OutputStyle))
#10 /var/www/app/vendor/symfony/console/Application.php(971): Illuminate\\Console\\Command->run(Object(Symfony\\Component\\Console\\Input\\ArgvInput), Object(Symfony\\Component\\Console\\Output\\ConsoleOutput))
#11 /var/www/app/vendor/symfony/console/Application.php(290): Symfony\\Component\\Console\\Application->doRunCommand(Object(Barryvdh\\LaravelIdeHelper\\Console\\GeneratorCommand), Object(Symfony\\Component\\Console\\Input\\ArgvInput), Object(Symfony\\Component\\Console\\Output\\ConsoleOutput))
#12 /var/www/app/vendor/symfony/console/Application.php(166): Symfony\\Component\\Console\\Application->doRun(Object(Symfony\\Component\\Console\\Input\\ArgvInput), Object(Symfony\\Component\\Console\\Output\\ConsoleOutput))
#13 /var/www/app/vendor/laravel/framework/src/Illuminate/Console/Application.php(92): Symfony\\Component\\Console\\Application->run(Object(Symfony\\Component\\Console\\Input\\ArgvInput), Object(Symfony\\Component\\Console\\Output\\ConsoleOutput))
#14 /var/www/app/vendor/laravel/framework/src/Illuminate/Foundation/Console/Kernel.php(129): Illuminate\\Console\\Application->run(Object(Symfony\\Component\\Console\\Input\\ArgvInput), Object(Symfony\\Component\\Console\\Output\\ConsoleOutput))
#15 /var/www/app/artisan(37): Illuminate\\Foundation\\Console\\Kernel->handle(Object(Symfony\\Component\\Console\\Input\\ArgvInput), Object(Symfony\\Component\\Console\\Output\\ConsoleOutput))
#16 {main}
"} 
[2021-05-25 19:49:40] local.ERROR: App\Jobs\ProccessTransaction and Illuminate\Bus\Queueable define the same property ($delay) in the composition of App\Jobs\ProccessTransaction. However, the definition differs and is considered incompatible. Class was composed {"exception":"[object] (Symfony\\Component\\ErrorHandler\\Error\\FatalError(code: 0): App\\Jobs\\ProccessTransaction and Illuminate\\Bus\\Queueable define the same property ($delay) in the composition of App\\Jobs\\ProccessTransaction. However, the definition differs and is considered incompatible. Class was composed at /var/www/app/app/Jobs/ProccessTransaction.php:16)
[stacktrace]
#0 {main}
"} 
